2024.04.26 11:19:21 INFO  Started: Metals version 1.3.0 in folders '/Users/jameswarrington/Downloads/Archive (2)' for client Visual Studio Code 1.86.1.
SLF4J: Class path contains multiple SLF4J providers.
SLF4J: Found provider [scribe.slf4j.ScribeServiceProvider@38e0c0fc]
SLF4J: Found provider [ch.qos.logback.classic.spi.LogbackServiceProvider@617201e8]
SLF4J: See https://www.slf4j.org/codes.html#multiple_bindings for an explanation.
SLF4J: Actual provider is of type [scribe.slf4j.ScribeServiceProvider@38e0c0fc]
2024.04.26 11:19:22 WARN  Flyway upgrade recommended: H2 2.2.224 is newer than this version of Flyway and support has not been tested. The latest supported version of H2 is 2.2.220.
2024.04.26 11:19:22 INFO  Attempting to connect to the build server...
2024.04.26 11:19:22 INFO  Replacing bloop java home /Library/Java/JavaVirtualMachines/temurin-8.jdk/Contents/Home with java home at /Users/jameswarrington/Library/Caches/Coursier/arc/https/github.com/adoptium/temurin17-binaries/releases/download/jdk-17.0.11%252B9/OpenJDK17U-jdk_aarch64_mac_hotspot_17.0.11_9.tar.gz/jdk-17.0.11+9/Contents/Home.
2024.04.26 11:19:22 INFO  tracing is disabled for protocol BSP, to enable tracing of incoming and outgoing JSON messages create an empty file at /Users/jameswarrington/Downloads/Archive (2)/.metals/bsp.trace.json or /Users/jameswarrington/Library/Caches/org.scalameta.metals/bsp.trace.json
2024.04.26 11:19:22 INFO  time: Connected to build server in 0.61s
2024.04.26 11:19:22 INFO  Connected to Build server: Bloop v1.5.15
2024.04.26 11:19:23 INFO  time: Imported build in 0.16s
2024.04.26 11:19:23 INFO  time: indexed workspace in 0.83s
2024.04.26 11:20:10 INFO  no build target found for /Users/jameswarrington/Downloads/Archive (2)/src/test/scala/MySuite.scala. Using presentation compiler with project's scala-library version: 3.3.3
2024.04.26 11:20:10 INFO  time: code lens generation in 6.63s
Apr 26, 2024 11:22:19 AM scala.meta.internal.pc.CompilerAccess handleError
SEVERE: A severe compiler error occurred, full details of the error can be found in the error report /Users/jameswarrington/Downloads/Archive (2)/.metals/.reports/metals-full/2024-04-26/r_compiler-error_11-22-19-498.md
Apr 26, 2024 11:26:21 AM org.eclipse.lsp4j.jsonrpc.RemoteEndpoint handleCancellation
WARNING: Unmatched cancel notification for request id 347
2024.04.27 00:26:27 INFO  Shutting down server
2024.04.27 00:26:27 INFO  shutting down Metals
2024.04.27 00:26:28 INFO  Exiting server
